<?xml version="1.0" encoding="UTF-8"?>
<testng-results ignored="0" total="1" passed="1" failed="0" skipped="0">
  <reporter-output>
  </reporter-output>
  <suite started-at="2024-10-17T02:13:35 IST" name="Default suite" finished-at="2024-10-17T02:13:46 IST" duration-ms="10563">
    <groups>
    </groups>
    <test started-at="2024-10-17T02:13:35 IST" name="Default test" finished-at="2024-10-17T02:13:46 IST" duration-ms="10563">
      <class name="tutorailsninja.register.TC_RF_001">
        <test-method signature="Verify_Registering_an_Account_by_providing_only_the_Mandatory_fields()[pri:0, instance:tutorailsninja.register.TC_RF_001@909217e]" started-at="2024-10-17T02:13:36 IST" name="Verify_Registering_an_Account_by_providing_only_the_Mandatory_fields" finished-at="2024-10-17T02:13:46 IST" duration-ms="10507" status="PASS">
          <reporter-output>
          </reporter-output>
        </test-method> <!-- Verify_Registering_an_Account_by_providing_only_the_Mandatory_fields -->
      </class> <!-- tutorailsninja.register.TC_RF_001 -->
    </test> <!-- Default test -->
  </suite> <!-- Default suite -->
</testng-results>
